<?xml version="1.0" encoding="UTF-8"?>
<testng-results ignored="0" total="2" passed="2" failed="0" skipped="0">
  <reporter-output>
  </reporter-output>
  <suite started-at="2023-06-14T21:04:51 GST" name="Default suite" finished-at="2023-06-14T21:05:03 GST" duration-ms="12316">
    <groups>
    </groups>
    <test started-at="2023-06-14T21:04:51 GST" name="Default test" finished-at="2023-06-14T21:05:03 GST" duration-ms="12316">
      <class name="FirstProject.E2Ecleanwithdataprovider">
        <test-method is-config="true" signature="launchdriver()[pri:0, instance:FirstProject.E2Ecleanwithdataprovider@5fdcaa40]" started-at="2023-06-14T21:04:51 GST" name="launchdriver" finished-at="2023-06-14T21:04:55 GST" duration-ms="4112" status="PASS">
          <reporter-output>
          </reporter-output>
        </test-method> <!-- launchdriver -->
        <test-method signature="Greenkart([Ljava.lang.String;)[pri:0, instance:FirstProject.E2Ecleanwithdataprovider@5fdcaa40]" started-at="2023-06-14T21:04:55 GST" name="Greenkart" data-provider="getdata" finished-at="2023-06-14T21:04:57 GST" duration-ms="2256" status="PASS">
          <params>
            <param index="0">
              <value>
                <![CDATA[[Ljava.lang.String;@58658f63]]>
              </value>
            </param>
          </params>
          <reporter-output>
          </reporter-output>
        </test-method> <!-- Greenkart -->
        <test-method is-config="true" signature="closebrowser()[pri:0, instance:FirstProject.E2Ecleanwithdataprovider@5fdcaa40]" started-at="2023-06-14T21:04:57 GST" name="closebrowser" finished-at="2023-06-14T21:04:58 GST" duration-ms="396" status="PASS">
          <reporter-output>
          </reporter-output>
        </test-method> <!-- closebrowser -->
        <test-method is-config="true" signature="launchdriver()[pri:0, instance:FirstProject.E2Ecleanwithdataprovider@5fdcaa40]" started-at="2023-06-14T21:04:58 GST" name="launchdriver" finished-at="2023-06-14T21:05:01 GST" duration-ms="3120" status="PASS">
          <reporter-output>
          </reporter-output>
        </test-method> <!-- launchdriver -->
        <test-method signature="Greenkart([Ljava.lang.String;)[pri:0, instance:FirstProject.E2Ecleanwithdataprovider@5fdcaa40]" started-at="2023-06-14T21:05:01 GST" name="Greenkart" data-provider="getdata" finished-at="2023-06-14T21:05:03 GST" duration-ms="2063" status="PASS">
          <params>
            <param index="0">
              <value>
                <![CDATA[[Ljava.lang.String;@54e12f4c]]>
              </value>
            </param>
          </params>
          <reporter-output>
          </reporter-output>
        </test-method> <!-- Greenkart -->
        <test-method is-config="true" signature="closebrowser()[pri:0, instance:FirstProject.E2Ecleanwithdataprovider@5fdcaa40]" started-at="2023-06-14T21:05:03 GST" name="closebrowser" finished-at="2023-06-14T21:05:03 GST" duration-ms="338" status="PASS">
          <reporter-output>
          </reporter-output>
        </test-method> <!-- closebrowser -->
      </class> <!-- FirstProject.E2Ecleanwithdataprovider -->
    </test> <!-- Default test -->
  </suite> <!-- Default suite -->
</testng-results>
